[0m12:53:05.269815 [debug] [MainThread]: Sending event: {'category': 'dbt', 'action': 'invocation', 'label': 'start', 'context': [<snowplow_tracker.self_describing_json.SelfDescribingJson object at 0x105e31f10>, <snowplow_tracker.self_describing_json.SelfDescribingJson object at 0x107851d60>, <snowplow_tracker.self_describing_json.SelfDescribingJson object at 0x1078c8a60>]}


============================== 12:53:05.272573 | 824161fd-b6f0-4f00-aad8-f530b897d3ae ==============================
[0m12:53:05.272573 [info ] [MainThread]: Running with dbt=1.8.8
[0m12:53:05.272918 [debug] [MainThread]: running dbt with arguments {'printer_width': '80', 'indirect_selection': 'eager', 'log_cache_events': 'False', 'write_json': 'True', 'partial_parse': 'True', 'cache_selected_only': 'False', 'warn_error': 'None', 'fail_fast': 'False', 'profiles_dir': '/Users/derekconverse/.dbt', 'log_path': 'logs', 'debug': 'False', 'version_check': 'True', 'use_colors': 'True', 'use_experimental_parser': 'False', 'empty': 'None', 'quiet': 'False', 'no_print': 'None', 'log_format': 'default', 'static_parser': 'True', 'invocation_command': 'dbt init', 'warn_error_options': 'WarnErrorOptions(include=[], exclude=[])', 'target_path': 'None', 'introspect': 'True', 'send_anonymous_usage_stats': 'True'}
[0m12:54:01.901956 [debug] [MainThread]: Starter project path: /Users/derekconverse/.pyenv/versions/3.11.4/envs/data-engineer/lib/python3.9/site-packages/dbt/include/starter_project
[0m12:54:01.911409 [info ] [MainThread]: 
Your new dbt project "project_data_platform" was created!

For more information on how to configure the profiles.yml file,
please consult the dbt documentation here:

  https://docs.getdbt.com/docs/configure-your-profile

One more thing:

Need help? Don't hesitate to reach out to us via GitHub issues or on Slack:

  https://community.getdbt.com/

Happy modeling!

[0m12:54:01.911894 [info ] [MainThread]: Setting up your profile.
[0m12:55:51.563842 [info ] [MainThread]: Profile project_data_platform written to /Users/derekconverse/.dbt/profiles.yml using target's profile_template.yml and your supplied values. Run 'dbt debug' to validate the connection.
[0m12:55:51.586310 [debug] [MainThread]: Resource report: {"command_name": "init", "command_success": true, "command_wall_clock_time": 166.36249, "process_user_time": 3.039332, "process_kernel_time": 0.374465, "process_mem_max_rss": "179765248", "process_in_blocks": "0", "process_out_blocks": "0"}
[0m12:55:51.587559 [debug] [MainThread]: Command `dbt init` succeeded at 12:55:51.587274 after 166.36 seconds
[0m12:55:51.588324 [debug] [MainThread]: Sending event: {'category': 'dbt', 'action': 'invocation', 'label': 'end', 'context': [<snowplow_tracker.self_describing_json.SelfDescribingJson object at 0x105e31f10>, <snowplow_tracker.self_describing_json.SelfDescribingJson object at 0x10796b760>, <snowplow_tracker.self_describing_json.SelfDescribingJson object at 0x1078ae970>]}
[0m12:55:51.588943 [debug] [MainThread]: Flushing usage events
[0m12:56:01.055063 [debug] [MainThread]: Sending event: {'category': 'dbt', 'action': 'invocation', 'label': 'start', 'context': [<snowplow_tracker.self_describing_json.SelfDescribingJson object at 0x102829f10>, <snowplow_tracker.self_describing_json.SelfDescribingJson object at 0x105f59970>, <snowplow_tracker.self_describing_json.SelfDescribingJson object at 0x105f594c0>]}


============================== 12:56:01.057790 | 0830c10a-b26e-4509-b6c3-0399c17610ef ==============================
[0m12:56:01.057790 [info ] [MainThread]: Running with dbt=1.8.8
[0m12:56:01.058152 [debug] [MainThread]: running dbt with arguments {'printer_width': '80', 'indirect_selection': 'eager', 'write_json': 'True', 'log_cache_events': 'False', 'partial_parse': 'True', 'cache_selected_only': 'False', 'profiles_dir': '/Users/derekconverse/.dbt', 'debug': 'False', 'version_check': 'True', 'log_path': 'logs', 'fail_fast': 'False', 'warn_error': 'None', 'use_colors': 'True', 'use_experimental_parser': 'False', 'empty': 'None', 'quiet': 'False', 'no_print': 'None', 'warn_error_options': 'WarnErrorOptions(include=[], exclude=[])', 'invocation_command': 'dbt debug', 'introspect': 'True', 'log_format': 'default', 'target_path': 'None', 'static_parser': 'True', 'send_anonymous_usage_stats': 'True'}
[0m12:56:01.064138 [info ] [MainThread]: dbt version: 1.8.8
[0m12:56:01.064369 [info ] [MainThread]: python version: 3.9.6
[0m12:56:01.064767 [info ] [MainThread]: python path: /Users/derekconverse/.pyenv/versions/3.11.4/envs/data-engineer/bin/python
[0m12:56:01.064977 [info ] [MainThread]: os info: macOS-13.0-arm64-arm-64bit
[0m12:56:01.068361 [info ] [MainThread]: Error importing adapter: No module named 'dbt.adapters.snowflake'
[0m12:56:01.606732 [info ] [MainThread]: Using profiles dir at /Users/derekconverse/.dbt
[0m12:56:01.607104 [info ] [MainThread]: Using profiles.yml file at /Users/derekconverse/.dbt/profiles.yml
[0m12:56:01.607306 [info ] [MainThread]: Using dbt_project.yml file at /Users/derekconverse/Documents/Personal_Projects/projectv1/data-engineering-prj-v1/dbt_project.yml
[0m12:56:01.607570 [info ] [MainThread]: Configuration:
[0m12:56:01.607746 [info ] [MainThread]:   profiles.yml file [[31mERROR invalid[0m]
[0m12:56:01.607911 [info ] [MainThread]:   dbt_project.yml file [[31mERROR not found[0m]
[0m12:56:01.608067 [info ] [MainThread]: Required dependencies:
[0m12:56:01.608285 [debug] [MainThread]: Executing "git --help"
[0m12:56:01.625848 [debug] [MainThread]: STDOUT: "b"usage: git [-v | --version] [-h | --help] [-C <path>] [-c <name>=<value>]\n           [--exec-path[=<path>]] [--html-path] [--man-path] [--info-path]\n           [-p | --paginate | -P | --no-pager] [--no-replace-objects] [--bare]\n           [--git-dir=<path>] [--work-tree=<path>] [--namespace=<name>]\n           [--super-prefix=<path>] [--config-env=<name>=<envvar>]\n           <command> [<args>]\n\nThese are common Git commands used in various situations:\n\nstart a working area (see also: git help tutorial)\n   clone     Clone a repository into a new directory\n   init      Create an empty Git repository or reinitialize an existing one\n\nwork on the current change (see also: git help everyday)\n   add       Add file contents to the index\n   mv        Move or rename a file, a directory, or a symlink\n   restore   Restore working tree files\n   rm        Remove files from the working tree and from the index\n\nexamine the history and state (see also: git help revisions)\n   bisect    Use binary search to find the commit that introduced a bug\n   diff      Show changes between commits, commit and working tree, etc\n   grep      Print lines matching a pattern\n   log       Show commit logs\n   show      Show various types of objects\n   status    Show the working tree status\n\ngrow, mark and tweak your common history\n   branch    List, create, or delete branches\n   commit    Record changes to the repository\n   merge     Join two or more development histories together\n   rebase    Reapply commits on top of another base tip\n   reset     Reset current HEAD to the specified state\n   switch    Switch branches\n   tag       Create, list, delete or verify a tag object signed with GPG\n\ncollaborate (see also: git help workflows)\n   fetch     Download objects and refs from another repository\n   pull      Fetch from and integrate with another repository or a local branch\n   push      Update remote refs along with associated objects\n\n'git help -a' and 'git help -g' list available subcommands and some\nconcept guides. See 'git help <command>' or 'git help <concept>'\nto read about a specific subcommand or concept.\nSee 'git help git' for an overview of the system.\n""
[0m12:56:01.626694 [debug] [MainThread]: STDERR: "b''"
[0m12:56:01.626932 [info ] [MainThread]:  - git [[32mOK found[0m]

[0m12:56:01.627158 [info ] [MainThread]: Connection test skipped since no profile was found
[0m12:56:01.627422 [info ] [MainThread]: [31m2 checks failed:[0m
[0m12:56:01.627664 [info ] [MainThread]: Could not load dbt_project.yml
Profile loading failed for the following reason:
Runtime Error
  Credentials in profile "data_pipeline", target "dev" invalid: Runtime Error
    Could not find adapter type snowflake!


[0m12:56:01.627928 [info ] [MainThread]: Project loading failed for the following reason:
 project path </Users/derekconverse/Documents/Personal_Projects/projectv1/data-engineering-prj-v1/dbt_project.yml> not found

[0m12:56:01.629792 [debug] [MainThread]: Resource report: {"command_name": "debug", "command_wall_clock_time": 0.61238486, "process_user_time": 2.856619, "process_kernel_time": 0.219496, "process_mem_max_rss": "181731328", "command_success": false, "process_in_blocks": "0", "process_out_blocks": "0"}
[0m12:56:01.630322 [debug] [MainThread]: Command `dbt debug` failed at 12:56:01.630256 after 0.61 seconds
[0m12:56:01.630676 [debug] [MainThread]: Sending event: {'category': 'dbt', 'action': 'invocation', 'label': 'end', 'context': [<snowplow_tracker.self_describing_json.SelfDescribingJson object at 0x102829f10>, <snowplow_tracker.self_describing_json.SelfDescribingJson object at 0x148eec2e0>, <snowplow_tracker.self_describing_json.SelfDescribingJson object at 0x105f15ca0>]}
[0m12:56:01.631018 [debug] [MainThread]: Flushing usage events
